{
  "uid" : "ae482f97147e0564",
  "name" : "test_1",
  "fullName" : "testcases.test_page1.TestCases#test_1",
  "historyId" : "8845c8b9b858af9224eebff36499498a",
  "time" : {
    "start" : 1723102199998,
    "stop" : 1723102199998,
    "duration" : 0
  },
  "description" : "\n        验证有效地用户名和密码成功登录系统\n        ",
  "descriptionHtml" : "<pre><code>    验证有效地用户名和密码成功登录系统\n</code></pre>\n",
  "status" : "broken",
  "statusMessage" : "selenium.common.exceptions.SessionNotCreatedException: Message: session not created: This version of Microsoft Edge WebDriver only supports Microsoft Edge version 125\nCurrent browser version is 127.0.2651.86 with binary path C:\\Program Files (x86)\\Microsoft\\Edge\\Application\\msedge.exe\nStacktrace:\n\tGetHandleVerifier [0x00007FF70F6E5DC2+61250]\n\tMicrosoft::Applications::Events::ILogConfiguration::operator* [0x00007FF70F6706C9+206985]\n\t(No symbol) [0x00007FF70F47E3C7]\n\t(No symbol) [0x00007FF70F4B681F]\n\t(No symbol) [0x00007FF70F4B5CD8]\n\t(No symbol) [0x00007FF70F4B0360]\n\t(No symbol) [0x00007FF70F4ACDE7]\n\t(No symbol) [0x00007FF70F4EE9DC]\n\t(No symbol) [0x00007FF70F4E4563]\n\t(No symbol) [0x00007FF70F4B9FCE]\n\t(No symbol) [0x00007FF70F4B918C]\n\t(No symbol) [0x00007FF70F4B9B81]\n\tMicrosoft::Applications::Events::EventProperty::to_string [0x00007FF70F89DF54+1072532]\n\t(No symbol) [0x00007FF70F532D9C]\n\tMicrosoft::Applications::Events::EventProperty::~EventProperty [0x00007FF70F5DEF4C+51468]\n\tMicrosoft::Applications::Events::EventProperty::~EventProperty [0x00007FF70F5D3805+4549]\n\tMicrosoft::Applications::Events::EventProperty::to_string [0x00007FF70F89CF15+1068373]\n\tMicrosoft::Applications::Events::ILogConfiguration::operator* [0x00007FF70F67A0D1+246417]\n\tMicrosoft::Applications::Events::ILogConfiguration::operator* [0x00007FF70F675434+226804]\n\tMicrosoft::Applications::Events::ILogConfiguration::operator* [0x00007FF70F67556B+227115]\n\tMicrosoft::Applications::Events::ILogConfiguration::operator* [0x00007FF70F66BD60+188192]\n\tBaseThreadInitThunk [0x00007FFAC5717374+20]\n\tRtlUserThreadStart [0x00007FFAC771CC91+33]",
  "statusTrace" : "@pytest.fixture(scope='session')\n    def login():\n        e = Service(executable_path=driver_path)\n>       driver = webdriver.Edge(service=e)\n\ntestcases\\conftest.py:15: \n_ _ _ _ _ _ _ _ _ _ _ _ _ _ _ _ _ _ _ _ _ _ _ _ _ _ _ _ _ _ _ _ _ _ _ _ _ _ _ _\nC:\\Users\\Administrator\\AppData\\Local\\Packages\\PythonSoftwareFoundation.Python.3.11_qbz5n2kfra8p0\\LocalCache\\local-packages\\Python311\\site-packages\\selenium\\webdriver\\edge\\webdriver.py:45: in __init__\n    super().__init__(\nC:\\Users\\Administrator\\AppData\\Local\\Packages\\PythonSoftwareFoundation.Python.3.11_qbz5n2kfra8p0\\LocalCache\\local-packages\\Python311\\site-packages\\selenium\\webdriver\\chromium\\webdriver.py:66: in __init__\n    super().__init__(command_executor=executor, options=options)\nC:\\Users\\Administrator\\AppData\\Local\\Packages\\PythonSoftwareFoundation.Python.3.11_qbz5n2kfra8p0\\LocalCache\\local-packages\\Python311\\site-packages\\selenium\\webdriver\\remote\\webdriver.py:208: in __init__\n    self.start_session(capabilities)\nC:\\Users\\Administrator\\AppData\\Local\\Packages\\PythonSoftwareFoundation.Python.3.11_qbz5n2kfra8p0\\LocalCache\\local-packages\\Python311\\site-packages\\selenium\\webdriver\\remote\\webdriver.py:292: in start_session\n    response = self.execute(Command.NEW_SESSION, caps)[\"value\"]\nC:\\Users\\Administrator\\AppData\\Local\\Packages\\PythonSoftwareFoundation.Python.3.11_qbz5n2kfra8p0\\LocalCache\\local-packages\\Python311\\site-packages\\selenium\\webdriver\\remote\\webdriver.py:347: in execute\n    self.error_handler.check_response(response)\n_ _ _ _ _ _ _ _ _ _ _ _ _ _ _ _ _ _ _ _ _ _ _ _ _ _ _ _ _ _ _ _ _ _ _ _ _ _ _ _\n\nself = <selenium.webdriver.remote.errorhandler.ErrorHandler object at 0x0000024B34BA3ED0>\nresponse = {'status': 500, 'value': '{\"value\":{\"error\":\"session not created\",\"message\":\"session not created: This version of Micr...66BD60+188192]\\\\n\\\\tBaseThreadInitThunk [0x00007FFAC5717374+20]\\\\n\\\\tRtlUserThreadStart [0x00007FFAC771CC91+33]\\\\n\"}}'}\n\n    def check_response(self, response: Dict[str, Any]) -> None:\n        \"\"\"Checks that a JSON response from the WebDriver does not have an\n        error.\n    \n        :Args:\n         - response - The JSON response from the WebDriver server as a dictionary\n           object.\n    \n        :Raises: If the response contains an error message.\n        \"\"\"\n        status = response.get(\"status\", None)\n        if not status or status == ErrorCode.SUCCESS:\n            return\n        value = None\n        message = response.get(\"message\", \"\")\n        screen: str = response.get(\"screen\", \"\")\n        stacktrace = None\n        if isinstance(status, int):\n            value_json = response.get(\"value\", None)\n            if value_json and isinstance(value_json, str):\n                import json\n    \n                try:\n                    value = json.loads(value_json)\n                    if len(value) == 1:\n                        value = value[\"value\"]\n                    status = value.get(\"error\", None)\n                    if not status:\n                        status = value.get(\"status\", ErrorCode.UNKNOWN_ERROR)\n                        message = value.get(\"value\") or value.get(\"message\")\n                        if not isinstance(message, str):\n                            value = message\n                            message = message.get(\"message\")\n                    else:\n                        message = value.get(\"message\", None)\n                except ValueError:\n                    pass\n    \n        exception_class: Type[WebDriverException]\n        e = ErrorCode()\n        error_codes = [item for item in dir(e) if not item.startswith(\"__\")]\n        for error_code in error_codes:\n            error_info = getattr(ErrorCode, error_code)\n            if isinstance(error_info, list) and status in error_info:\n                exception_class = getattr(ExceptionMapping, error_code, WebDriverException)\n                break\n        else:\n            exception_class = WebDriverException\n    \n        if not value:\n            value = response[\"value\"]\n        if isinstance(value, str):\n            raise exception_class(value)\n        if message == \"\" and \"message\" in value:\n            message = value[\"message\"]\n    \n        screen = None  # type: ignore[assignment]\n        if \"screen\" in value:\n            screen = value[\"screen\"]\n    \n        stacktrace = None\n        st_value = value.get(\"stackTrace\") or value.get(\"stacktrace\")\n        if st_value:\n            if isinstance(st_value, str):\n                stacktrace = st_value.split(\"\\n\")\n            else:\n                stacktrace = []\n                try:\n                    for frame in st_value:\n                        line = frame.get(\"lineNumber\", \"\")\n                        file = frame.get(\"fileName\", \"<anonymous>\")\n                        if line:\n                            file = f\"{file}:{line}\"\n                        meth = frame.get(\"methodName\", \"<anonymous>\")\n                        if \"className\" in frame:\n                            meth = f\"{frame['className']}.{meth}\"\n                        msg = \"    at %s (%s)\"\n                        msg = msg % (meth, file)\n                        stacktrace.append(msg)\n                except TypeError:\n                    pass\n        if exception_class == UnexpectedAlertPresentException:\n            alert_text = None\n            if \"data\" in value:\n                alert_text = value[\"data\"].get(\"text\")\n            elif \"alert\" in value:\n                alert_text = value[\"alert\"].get(\"text\")\n            raise exception_class(message, screen, stacktrace, alert_text)  # type: ignore[call-arg]  # mypy is not smart enough here\n>       raise exception_class(message, screen, stacktrace)\nE       selenium.common.exceptions.SessionNotCreatedException: Message: session not created: This version of Microsoft Edge WebDriver only supports Microsoft Edge version 125\nE       Current browser version is 127.0.2651.86 with binary path C:\\Program Files (x86)\\Microsoft\\Edge\\Application\\msedge.exe\nE       Stacktrace:\nE       \tGetHandleVerifier [0x00007FF70F6E5DC2+61250]\nE       \tMicrosoft::Applications::Events::ILogConfiguration::operator* [0x00007FF70F6706C9+206985]\nE       \t(No symbol) [0x00007FF70F47E3C7]\nE       \t(No symbol) [0x00007FF70F4B681F]\nE       \t(No symbol) [0x00007FF70F4B5CD8]\nE       \t(No symbol) [0x00007FF70F4B0360]\nE       \t(No symbol) [0x00007FF70F4ACDE7]\nE       \t(No symbol) [0x00007FF70F4EE9DC]\nE       \t(No symbol) [0x00007FF70F4E4563]\nE       \t(No symbol) [0x00007FF70F4B9FCE]\nE       \t(No symbol) [0x00007FF70F4B918C]\nE       \t(No symbol) [0x00007FF70F4B9B81]\nE       \tMicrosoft::Applications::Events::EventProperty::to_string [0x00007FF70F89DF54+1072532]\nE       \t(No symbol) [0x00007FF70F532D9C]\nE       \tMicrosoft::Applications::Events::EventProperty::~EventProperty [0x00007FF70F5DEF4C+51468]\nE       \tMicrosoft::Applications::Events::EventProperty::~EventProperty [0x00007FF70F5D3805+4549]\nE       \tMicrosoft::Applications::Events::EventProperty::to_string [0x00007FF70F89CF15+1068373]\nE       \tMicrosoft::Applications::Events::ILogConfiguration::operator* [0x00007FF70F67A0D1+246417]\nE       \tMicrosoft::Applications::Events::ILogConfiguration::operator* [0x00007FF70F675434+226804]\nE       \tMicrosoft::Applications::Events::ILogConfiguration::operator* [0x00007FF70F67556B+227115]\nE       \tMicrosoft::Applications::Events::ILogConfiguration::operator* [0x00007FF70F66BD60+188192]\nE       \tBaseThreadInitThunk [0x00007FFAC5717374+20]\nE       \tRtlUserThreadStart [0x00007FFAC771CC91+33]\n\nC:\\Users\\Administrator\\AppData\\Local\\Packages\\PythonSoftwareFoundation.Python.3.11_qbz5n2kfra8p0\\LocalCache\\local-packages\\Python311\\site-packages\\selenium\\webdriver\\remote\\errorhandler.py:229: SessionNotCreatedException",
  "flaky" : false,
  "newFailed" : false,
  "beforeStages" : [ {
    "name" : "login",
    "time" : {
      "start" : 1723102200000,
      "stop" : 1723102203302,
      "duration" : 3302
    },
    "status" : "broken",
    "statusMessage" : "selenium.common.exceptions.SessionNotCreatedException: Message: session not created: This version of Microsoft Edge WebDriver only supports Microsoft Edge version 125\nCurrent browser version is 127.0.2651.86 with binary path C:\\Program Files (x86)\\Microsoft\\Edge\\Application\\msedge.exe\nStacktrace:\n\tGetHandleVerifier [0x00007FF70F6E5DC2+61250]\n\tMicrosoft::Applications::Events::ILogConfiguration::operator* [0x00007FF70F6706C9+206985]\n\t(No symbol) [0x00007FF70F47E3C7]\n\t(No symbol) [0x00007FF70F4B681F]\n\t(No symbol) [0x00007FF70F4B5CD8]\n\t(No symbol) [0x00007FF70F4B0360]\n\t(No symbol) [0x00007FF70F4ACDE7]\n\t(No symbol) [0x00007FF70F4EE9DC]\n\t(No symbol) [0x00007FF70F4E4563]\n\t(No symbol) [0x00007FF70F4B9FCE]\n\t(No symbol) [0x00007FF70F4B918C]\n\t(No symbol) [0x00007FF70F4B9B81]\n\tMicrosoft::Applications::Events::EventProperty::to_string [0x00007FF70F89DF54+1072532]\n\t(No symbol) [0x00007FF70F532D9C]\n\tMicrosoft::Applications::Events::EventProperty::~EventProperty [0x00007FF70F5DEF4C+51468]\n\tMicrosoft::Applications::Events::EventProperty::~EventProperty [0x00007FF70F5D3805+4549]\n\tMicrosoft::Applications::Events::EventProperty::to_string [0x00007FF70F89CF15+1068373]\n\tMicrosoft::Applications::Events::ILogConfiguration::operator* [0x00007FF70F67A0D1+246417]\n\tMicrosoft::Applications::Events::ILogConfiguration::operator* [0x00007FF70F675434+226804]\n\tMicrosoft::Applications::Events::ILogConfiguration::operator* [0x00007FF70F67556B+227115]\n\tMicrosoft::Applications::Events::ILogConfiguration::operator* [0x00007FF70F66BD60+188192]\n\tBaseThreadInitThunk [0x00007FFAC5717374+20]\n\tRtlUserThreadStart [0x00007FFAC771CC91+33]\n\n",
    "statusTrace" : "  File \"C:\\Users\\Administrator\\AppData\\Local\\Packages\\PythonSoftwareFoundation.Python.3.11_qbz5n2kfra8p0\\LocalCache\\local-packages\\Python311\\site-packages\\pluggy\\_callers.py\", line 167, in _multicall\n    teardown.throw(outcome._exception)\n  File \"C:\\Users\\Administrator\\AppData\\Local\\Packages\\PythonSoftwareFoundation.Python.3.11_qbz5n2kfra8p0\\LocalCache\\local-packages\\Python311\\site-packages\\_pytest\\setuponly.py\", line 36, in pytest_fixture_setup\n    return (yield)\n            ^^^^^\n  File \"C:\\Users\\Administrator\\AppData\\Local\\Packages\\PythonSoftwareFoundation.Python.3.11_qbz5n2kfra8p0\\LocalCache\\local-packages\\Python311\\site-packages\\pluggy\\_callers.py\", line 103, in _multicall\n    res = hook_impl.function(*args)\n          ^^^^^^^^^^^^^^^^^^^^^^^^^\n  File \"C:\\Users\\Administrator\\AppData\\Local\\Packages\\PythonSoftwareFoundation.Python.3.11_qbz5n2kfra8p0\\LocalCache\\local-packages\\Python311\\site-packages\\_pytest\\fixtures.py\", line 1139, in pytest_fixture_setup\n    result = call_fixture_func(fixturefunc, request, kwargs)\n             ^^^^^^^^^^^^^^^^^^^^^^^^^^^^^^^^^^^^^^^^^^^^^^^\n  File \"C:\\Users\\Administrator\\AppData\\Local\\Packages\\PythonSoftwareFoundation.Python.3.11_qbz5n2kfra8p0\\LocalCache\\local-packages\\Python311\\site-packages\\_pytest\\fixtures.py\", line 890, in call_fixture_func\n    fixture_result = next(generator)\n                     ^^^^^^^^^^^^^^^\n  File \"D:\\Documents\\笔记\\课件+笔记\\web_pytest_framework\\testcases\\conftest.py\", line 15, in login\n    driver = webdriver.Edge(service=e)\n             ^^^^^^^^^^^^^^^^^^^^^^^^^\n  File \"C:\\Users\\Administrator\\AppData\\Local\\Packages\\PythonSoftwareFoundation.Python.3.11_qbz5n2kfra8p0\\LocalCache\\local-packages\\Python311\\site-packages\\selenium\\webdriver\\edge\\webdriver.py\", line 45, in __init__\n    super().__init__(\n  File \"C:\\Users\\Administrator\\AppData\\Local\\Packages\\PythonSoftwareFoundation.Python.3.11_qbz5n2kfra8p0\\LocalCache\\local-packages\\Python311\\site-packages\\selenium\\webdriver\\chromium\\webdriver.py\", line 66, in __init__\n    super().__init__(command_executor=executor, options=options)\n  File \"C:\\Users\\Administrator\\AppData\\Local\\Packages\\PythonSoftwareFoundation.Python.3.11_qbz5n2kfra8p0\\LocalCache\\local-packages\\Python311\\site-packages\\selenium\\webdriver\\remote\\webdriver.py\", line 208, in __init__\n    self.start_session(capabilities)\n  File \"C:\\Users\\Administrator\\AppData\\Local\\Packages\\PythonSoftwareFoundation.Python.3.11_qbz5n2kfra8p0\\LocalCache\\local-packages\\Python311\\site-packages\\selenium\\webdriver\\remote\\webdriver.py\", line 292, in start_session\n    response = self.execute(Command.NEW_SESSION, caps)[\"value\"]\n               ^^^^^^^^^^^^^^^^^^^^^^^^^^^^^^^^^^^^^^^\n  File \"C:\\Users\\Administrator\\AppData\\Local\\Packages\\PythonSoftwareFoundation.Python.3.11_qbz5n2kfra8p0\\LocalCache\\local-packages\\Python311\\site-packages\\selenium\\webdriver\\remote\\webdriver.py\", line 347, in execute\n    self.error_handler.check_response(response)\n  File \"C:\\Users\\Administrator\\AppData\\Local\\Packages\\PythonSoftwareFoundation.Python.3.11_qbz5n2kfra8p0\\LocalCache\\local-packages\\Python311\\site-packages\\selenium\\webdriver\\remote\\errorhandler.py\", line 229, in check_response\n    raise exception_class(message, screen, stacktrace)\n",
    "steps" : [ ],
    "attachments" : [ ],
    "parameters" : [ ],
    "attachmentsCount" : 0,
    "shouldDisplayMessage" : true,
    "hasContent" : true,
    "stepsCount" : 0
  } ],
  "afterStages" : [ ],
  "labels" : [ {
    "name" : "parentSuite",
    "value" : "testcases"
  }, {
    "name" : "suite",
    "value" : "test_page1"
  }, {
    "name" : "subSuite",
    "value" : "TestCases"
  }, {
    "name" : "host",
    "value" : "DESKTOP-54B5VGS"
  }, {
    "name" : "thread",
    "value" : "16544-MainThread"
  }, {
    "name" : "framework",
    "value" : "pytest"
  }, {
    "name" : "language",
    "value" : "cpython3"
  }, {
    "name" : "package",
    "value" : "testcases.test_page1"
  }, {
    "name" : "resultFormat",
    "value" : "allure2"
  } ],
  "parameters" : [ ],
  "links" : [ ],
  "hidden" : false,
  "retry" : false,
  "extra" : {
    "severity" : "normal",
    "retries" : [ {
      "uid" : "fd58cbb24d0b05f5",
      "status" : "broken",
      "statusDetails" : "selenium.common.exceptions.SessionNotCreatedException: Message: session not created: This version of MSEdgeDriver only supports MSEdge version 99\nCurrent browser version is 127.0.2651.86 with binary path C:\\Program Files (x86)\\Microsoft\\Edge\\Application\\msedge.exe\nStacktrace:\nBacktrace:\n\tMicrosoft::Applications::Events::EventProperties::unpack [0x00007FF74A9A1922+25346]\n\tMicrosoft::Applications::Events::time_ticks_t::time_ticks_t [0x00007FF74A8DE982+515794]\n\tOrdinal0 [0x00007FF74A3F0BC5+658373]\n\tOrdinal0 [0x00007FF74A41B5E0+832992]\n\tOrdinal0 [0x00007FF74A416B7E+813950]\n\tOrdinal0 [0x00007FF74A4124EE+795886]\n\tOrdinal0 [0x00007FF74A44C366+1033062]\n\tOrdinal0 [0x00007FF74A446A53+1010259]\n\tOrdinal0 [0x00007FF74A41DB47+842567]\n\tOrdinal0 [0x00007FF74A41F018+847896]\n\tMicrosoft::Applications::Events::EventProperty::to_string [0x00007FF74A5AF1C8+827304]\n\tMicrosoft::Applications::Events::EventProperty::EventProperty [0x00007FF74A699389+34681]\n\tMicrosoft::Applications::Events::EventProperty::EventProperty [0x00007FF74A69C562+47442]\n\tMicrosoft::Applications::Events::EventProperty::to_string [0x00007FF74A4EC6D6+29878]\n\tMicrosoft::Applications::Events::time_ticks_t::time_ticks_t [0x00007FF74A8E5971+544449]\n\tMicrosoft::Applications::Events::time_ticks_t::time_ticks_t [0x00007FF74A8EA974+564932]\n\tMicrosoft::Applications::Events::time_ticks_t::time_ticks_t [0x00007FF74A8EAACD+565277]\n\tMicrosoft::Applications::Events::time_ticks_t::time_ticks_t [0x00007FF74A8F48BE+605710]\n\tBaseThreadInitThunk [0x00007FFAC5717374+20]\n\tRtlUserThreadStart [0x00007FFAC771CC91+33]",
      "time" : {
        "start" : 1723102007190,
        "stop" : 1723102007190,
        "duration" : 0
      }
    }, {
      "uid" : "cf093bbc0883e1e6",
      "status" : "broken",
      "statusDetails" : "selenium.common.exceptions.SessionNotCreatedException: Message: session not created: This version of MSEdgeDriver only supports MSEdge version 99\nCurrent browser version is 127.0.2651.86 with binary path C:\\Program Files (x86)\\Microsoft\\Edge\\Application\\msedge.exe\nStacktrace:\nBacktrace:\n\tMicrosoft::Applications::Events::EventProperties::unpack [0x00007FF74A9A1922+25346]\n\tMicrosoft::Applications::Events::time_ticks_t::time_ticks_t [0x00007FF74A8DE982+515794]\n\tOrdinal0 [0x00007FF74A3F0BC5+658373]\n\tOrdinal0 [0x00007FF74A41B5E0+832992]\n\tOrdinal0 [0x00007FF74A416B7E+813950]\n\tOrdinal0 [0x00007FF74A4124EE+795886]\n\tOrdinal0 [0x00007FF74A44C366+1033062]\n\tOrdinal0 [0x00007FF74A446A53+1010259]\n\tOrdinal0 [0x00007FF74A41DB47+842567]\n\tOrdinal0 [0x00007FF74A41F018+847896]\n\tMicrosoft::Applications::Events::EventProperty::to_string [0x00007FF74A5AF1C8+827304]\n\tMicrosoft::Applications::Events::EventProperty::EventProperty [0x00007FF74A699389+34681]\n\tMicrosoft::Applications::Events::EventProperty::EventProperty [0x00007FF74A69C562+47442]\n\tMicrosoft::Applications::Events::EventProperty::to_string [0x00007FF74A4EC6D6+29878]\n\tMicrosoft::Applications::Events::time_ticks_t::time_ticks_t [0x00007FF74A8E5971+544449]\n\tMicrosoft::Applications::Events::time_ticks_t::time_ticks_t [0x00007FF74A8EA974+564932]\n\tMicrosoft::Applications::Events::time_ticks_t::time_ticks_t [0x00007FF74A8EAACD+565277]\n\tMicrosoft::Applications::Events::time_ticks_t::time_ticks_t [0x00007FF74A8F48BE+605710]\n\tBaseThreadInitThunk [0x00007FFAC5717374+20]\n\tRtlUserThreadStart [0x00007FFAC771CC91+33]",
      "time" : {
        "start" : 1723101853014,
        "stop" : 1723101853014,
        "duration" : 0
      }
    }, {
      "uid" : "cc5c0f3803094d7d",
      "status" : "broken",
      "statusDetails" : "selenium.common.exceptions.SessionNotCreatedException: Message: session not created: This version of MSEdgeDriver only supports MSEdge version 99\nCurrent browser version is 127.0.2651.86 with binary path C:\\Program Files (x86)\\Microsoft\\Edge\\Application\\msedge.exe\nStacktrace:\nBacktrace:\n\tMicrosoft::Applications::Events::EventProperties::unpack [0x00007FF74A9A1922+25346]\n\tMicrosoft::Applications::Events::time_ticks_t::time_ticks_t [0x00007FF74A8DE982+515794]\n\tOrdinal0 [0x00007FF74A3F0BC5+658373]\n\tOrdinal0 [0x00007FF74A41B5E0+832992]\n\tOrdinal0 [0x00007FF74A416B7E+813950]\n\tOrdinal0 [0x00007FF74A4124EE+795886]\n\tOrdinal0 [0x00007FF74A44C366+1033062]\n\tOrdinal0 [0x00007FF74A446A53+1010259]\n\tOrdinal0 [0x00007FF74A41DB47+842567]\n\tOrdinal0 [0x00007FF74A41F018+847896]\n\tMicrosoft::Applications::Events::EventProperty::to_string [0x00007FF74A5AF1C8+827304]\n\tMicrosoft::Applications::Events::EventProperty::EventProperty [0x00007FF74A699389+34681]\n\tMicrosoft::Applications::Events::EventProperty::EventProperty [0x00007FF74A69C562+47442]\n\tMicrosoft::Applications::Events::EventProperty::to_string [0x00007FF74A4EC6D6+29878]\n\tMicrosoft::Applications::Events::time_ticks_t::time_ticks_t [0x00007FF74A8E5971+544449]\n\tMicrosoft::Applications::Events::time_ticks_t::time_ticks_t [0x00007FF74A8EA974+564932]\n\tMicrosoft::Applications::Events::time_ticks_t::time_ticks_t [0x00007FF74A8EAACD+565277]\n\tMicrosoft::Applications::Events::time_ticks_t::time_ticks_t [0x00007FF74A8F48BE+605710]\n\tBaseThreadInitThunk [0x00007FFAC5717374+20]\n\tRtlUserThreadStart [0x00007FFAC771CC91+33]",
      "time" : {
        "start" : 1723101505342,
        "stop" : 1723101505342,
        "duration" : 0
      }
    }, {
      "uid" : "ec48661570371fc9",
      "status" : "broken",
      "statusDetails" : "selenium.common.exceptions.SessionNotCreatedException: Message: session not created: This version of MSEdgeDriver only supports MSEdge version 99\nCurrent browser version is 127.0.2651.86 with binary path C:\\Program Files (x86)\\Microsoft\\Edge\\Application\\msedge.exe\nStacktrace:\nBacktrace:\n\tMicrosoft::Applications::Events::EventProperties::unpack [0x00007FF706531922+25346]\n\tMicrosoft::Applications::Events::time_ticks_t::time_ticks_t [0x00007FF70646E982+515794]\n\tOrdinal0 [0x00007FF705F80BC5+658373]\n\tOrdinal0 [0x00007FF705FAB5E0+832992]\n\tOrdinal0 [0x00007FF705FA6B7E+813950]\n\tOrdinal0 [0x00007FF705FA24EE+795886]\n\tOrdinal0 [0x00007FF705FDC366+1033062]\n\tOrdinal0 [0x00007FF705FD6A53+1010259]\n\tOrdinal0 [0x00007FF705FADB47+842567]\n\tOrdinal0 [0x00007FF705FAF018+847896]\n\tMicrosoft::Applications::Events::EventProperty::to_string [0x00007FF70613F1C8+827304]\n\tMicrosoft::Applications::Events::EventProperty::EventProperty [0x00007FF706229389+34681]\n\tMicrosoft::Applications::Events::EventProperty::EventProperty [0x00007FF70622C562+47442]\n\tMicrosoft::Applications::Events::EventProperty::to_string [0x00007FF70607C6D6+29878]\n\tMicrosoft::Applications::Events::time_ticks_t::time_ticks_t [0x00007FF706475971+544449]\n\tMicrosoft::Applications::Events::time_ticks_t::time_ticks_t [0x00007FF70647A974+564932]\n\tMicrosoft::Applications::Events::time_ticks_t::time_ticks_t [0x00007FF70647AACD+565277]\n\tMicrosoft::Applications::Events::time_ticks_t::time_ticks_t [0x00007FF7064848BE+605710]\n\tBaseThreadInitThunk [0x00007FFFD9327374+20]\n\tRtlUserThreadStart [0x00007FFFDB1DCC91+33]",
      "time" : {
        "start" : 1723101310991,
        "stop" : 1723101310991,
        "duration" : 0
      }
    }, {
      "uid" : "a1b8182bbac341e6",
      "status" : "broken",
      "statusDetails" : "selenium.common.exceptions.SessionNotCreatedException: Message: session not created: This version of MSEdgeDriver only supports MSEdge version 99\nCurrent browser version is 127.0.2651.86 with binary path C:\\Program Files (x86)\\Microsoft\\Edge\\Application\\msedge.exe\nStacktrace:\nBacktrace:\n\tMicrosoft::Applications::Events::EventProperties::unpack [0x00007FF697471922+25346]\n\tMicrosoft::Applications::Events::time_ticks_t::time_ticks_t [0x00007FF6973AE982+515794]\n\tOrdinal0 [0x00007FF696EC0BC5+658373]\n\tOrdinal0 [0x00007FF696EEB5E0+832992]\n\tOrdinal0 [0x00007FF696EE6B7E+813950]\n\tOrdinal0 [0x00007FF696EE24EE+795886]\n\tOrdinal0 [0x00007FF696F1C366+1033062]\n\tOrdinal0 [0x00007FF696F16A53+1010259]\n\tOrdinal0 [0x00007FF696EEDB47+842567]\n\tOrdinal0 [0x00007FF696EEF018+847896]\n\tMicrosoft::Applications::Events::EventProperty::to_string [0x00007FF69707F1C8+827304]\n\tMicrosoft::Applications::Events::EventProperty::EventProperty [0x00007FF697169389+34681]\n\tMicrosoft::Applications::Events::EventProperty::EventProperty [0x00007FF69716C562+47442]\n\tMicrosoft::Applications::Events::EventProperty::to_string [0x00007FF696FBC6D6+29878]\n\tMicrosoft::Applications::Events::time_ticks_t::time_ticks_t [0x00007FF6973B5971+544449]\n\tMicrosoft::Applications::Events::time_ticks_t::time_ticks_t [0x00007FF6973BA974+564932]\n\tMicrosoft::Applications::Events::time_ticks_t::time_ticks_t [0x00007FF6973BAACD+565277]\n\tMicrosoft::Applications::Events::time_ticks_t::time_ticks_t [0x00007FF6973C48BE+605710]\n\tBaseThreadInitThunk [0x00007FFFD9327374+20]\n\tRtlUserThreadStart [0x00007FFFDB1DCC91+33]",
      "time" : {
        "start" : 1722926918999,
        "stop" : 1722926918999,
        "duration" : 0
      }
    } ],
    "categories" : [ {
      "name" : "Test defects",
      "matchedStatuses" : [ ],
      "flaky" : false
    } ],
    "tags" : [ ]
  },
  "source" : "ae482f97147e0564.json",
  "parameterValues" : [ ]
}